Using pre-set license
Built from '2020.3/release' branch; Version is '2020.3.2f1 (8fd9074bf66c) revision 9427207'; Using compiler version '192528614'; Build Type 'Release'
OS: 'Windows 10 Home Single Language; OS build 19041.867; Version 2004; 64bit' Language: 'pt' Physical Memory: 3554 MB
BatchMode: 1, IsHumanControllingUs: 0, StartBugReporterOnCrash: 0, Is64bit: 1, IsPro: 0

 COMMAND LINE ARGUMENTS:
C:\Program Files\Unity\2020.3.2f1\Editor\Unity.exe
-adb2
-batchMode
-noUpm
-name
AssetImportWorker10
-projectPath
C:/Users/HP/BrasaHacka
-logFile
Logs/AssetImportWorker10.log
-srvPort
53130
Successfully changed project path to: C:/Users/HP/BrasaHacka
C:/Users/HP/BrasaHacka
Using Asset Import Pipeline V2.
Refreshing native plugins compatible for Editor in 151.46 ms, found 1 plugins.
Preloading 0 native plugins for Editor in 0.00 ms.
Initialize engine version: 2020.3.2f1 (8fd9074bf66c)
[Subsystems] Discovering subsystems at path C:/Program Files/Unity/2020.3.2f1/Editor/Data/Resources/UnitySubsystems
[Subsystems] Discovering subsystems at path C:/Users/HP/BrasaHacka/Assets
GfxDevice: creating device client; threaded=0
Direct3D:
    Version:  Direct3D 11.0 [level 11.0]
    Renderer: AMD Radeon HD 7520G (ID=0x9990)
    Vendor:   
    VRAM:     497 MB
    Driver:   15.201.1201.0
Initialize mono
Mono path[0] = 'C:/Program Files/Unity/2020.3.2f1/Editor/Data/Managed'
Mono path[1] = 'C:/Program Files/Unity/2020.3.2f1/Editor/Data/MonoBleedingEdge/lib/mono/unityjit'
Mono config path = 'C:/Program Files/Unity/2020.3.2f1/Editor/Data/MonoBleedingEdge/etc'
Using monoOptions --debugger-agent=transport=dt_socket,embedding=1,server=y,suspend=n,address=127.0.0.1:56216
Begin MonoManager ReloadAssembly
Registering precompiled unity dll's ...
Register platform support module: C:/Program Files/Unity/2020.3.2f1/Editor/Data/PlaybackEngines/WindowsStandaloneSupport/UnityEditor.WindowsStandalone.Extensions.dll
Registered in 0.006275 seconds.
Native extension for WindowsStandalone target not found
Refreshing native plugins compatible for Editor in 89.93 ms, found 1 plugins.
Preloading 0 native plugins for Editor in 0.00 ms.
Invoked RoslynAnalysisRunner static constructor.
RoslynAnalysisRunner will not be running.
RoslynAnalysisRunner has terminated.
Mono: successfully reloaded assembly
- Completed reload, in  3.188 seconds
Platform modules already initialized, skipping
Registering precompiled user dll's ...
Registered in 0.005337 seconds.
Begin MonoManager ReloadAssembly
Native extension for WindowsStandalone target not found
Refreshing native plugins compatible for Editor in 95.58 ms, found 1 plugins.
Preloading 0 native plugins for Editor in 0.00 ms.
Invoked RoslynAnalysisRunner static constructor.
RoslynAnalysisRunner will not be running.
RoslynAnalysisRunner has terminated.
Mono: successfully reloaded assembly
- Completed reload, in  3.493 seconds
Platform modules already initialized, skipping
========================================================================
Worker process is ready to serve import requests
Launched and connected shader compiler UnityShaderCompiler.exe after 0.84 seconds
Refreshing native plugins compatible for Editor in 4.71 ms, found 1 plugins.
Preloading 0 native plugins for Editor in 0.00 ms.
Unloading 1808 Unused Serialized files (Serialized files now loaded: 0)
System memory in use before: 85.0 MB.
System memory in use after: 84.9 MB.

Unloading 24 unused Assets to reduce memory usage. Loaded Objects now: 2251.
Total: 8.194800 ms (FindLiveObjects: 1.270500 ms CreateObjectMapping: 0.304800 ms MarkObjects: 6.010100 ms  DeleteObjects: 0.605300 ms)

========================================================================
Received Import Request.
  path: Assets/Imagens/background.mat
  artifactKey: Guid(c413b1fee7599ac42af137080c8ca453) Importer(815301076,1909f56bfc062723c751e8b465ee728b)
Start importing Assets/Imagens/background.mat using Guid(c413b1fee7599ac42af137080c8ca453) Importer(815301076,1909f56bfc062723c751e8b465ee728b)  -> (artifact id: '55d9da362b8ec9c1471df50d5a07d468') in 1.551496 seconds
  Import took 1.581328 seconds .

========================================================================
Received Import Request.
  Time since last request: 0.001057 seconds.
  path: Assets/Imagens/WhatsApp Image 2021-04-02 at 18.14.16.jpeg
  artifactKey: Guid(001852c5e53499146a7007bb3fcb203f) Importer(815301076,1909f56bfc062723c751e8b465ee728b)
Start importing Assets/Imagens/WhatsApp Image 2021-04-02 at 18.14.16.jpeg using Guid(001852c5e53499146a7007bb3fcb203f) Importer(815301076,1909f56bfc062723c751e8b465ee728b)  -> (artifact id: 'c04f91a801a4acbc304d672add48e2d4') in 0.838440 seconds
  Import took 0.867386 seconds .

========================================================================
Received Import Request.
  Time since last request: 111.558489 seconds.
  path: Assets/Imagens
  artifactKey: Guid(95cd675497d1fbf45bfd722253a28b4d) Importer(815301076,1909f56bfc062723c751e8b465ee728b)
Start importing Assets/Imagens using Guid(95cd675497d1fbf45bfd722253a28b4d) Importer(815301076,1909f56bfc062723c751e8b465ee728b)  -> (artifact id: 'e90c58d7721e112beefe4215b3848909') in 0.068201 seconds
  Import took 0.104764 seconds .

========================================================================
Received Prepare
Registering precompiled user dll's ...
Registered in 0.013142 seconds.
Begin MonoManager ReloadAssembly
Native extension for WindowsStandalone target not found
Refreshing native plugins compatible for Editor in 0.87 ms, found 1 plugins.
Preloading 0 native plugins for Editor in 0.00 ms.
Invoked RoslynAnalysisRunner static constructor.
RoslynAnalysisRunner will not be running.
RoslynAnalysisRunner has terminated.
Mono: successfully reloaded assembly
- Completed reload, in  2.578 seconds
Platform modules already initialized, skipping
Refreshing native plugins compatible for Editor in 0.81 ms, found 1 plugins.
Preloading 0 native plugins for Editor in 0.00 ms.
Unloading 1803 Unused Serialized files (Serialized files now loaded: 0)
System memory in use before: 88.2 MB.
System memory in use after: 88.2 MB.

Unloading 12 unused Assets to reduce memory usage. Loaded Objects now: 2298.
Total: 5.935000 ms (FindLiveObjects: 0.591600 ms CreateObjectMapping: 0.338400 ms MarkObjects: 4.636400 ms  DeleteObjects: 0.364000 ms)

========================================================================
Received Import Request.
  Time since last request: 553.758757 seconds.
  path: Assets/Imagens/WhatsApp Image 2021-04-02 at 18.14.16.jpeg
  artifactKey: Guid(001852c5e53499146a7007bb3fcb203f) Importer(815301076,1909f56bfc062723c751e8b465ee728b)
Start importing Assets/Imagens/WhatsApp Image 2021-04-02 at 18.14.16.jpeg using Guid(001852c5e53499146a7007bb3fcb203f) Importer(815301076,1909f56bfc062723c751e8b465ee728b)  -> (artifact id: '857ae7e91c2b5e9db97070b79d1e7f4f') in 0.302982 seconds
  Import took 0.532029 seconds .

========================================================================
Received Prepare
Registering precompiled user dll's ...
Registered in 0.003797 seconds.
Begin MonoManager ReloadAssembly
Native extension for WindowsStandalone target not found
Refreshing native plugins compatible for Editor in 0.89 ms, found 1 plugins.
Preloading 0 native plugins for Editor in 0.00 ms.
Invoked RoslynAnalysisRunner static constructor.
RoslynAnalysisRunner will not be running.
RoslynAnalysisRunner has terminated.
Mono: successfully reloaded assembly
- Completed reload, in  3.147 seconds
Platform modules already initialized, skipping
Refreshing native plugins compatible for Editor in 1.27 ms, found 1 plugins.
Preloading 0 native plugins for Editor in 0.00 ms.
Unloading 1803 Unused Serialized files (Serialized files now loaded: 0)
System memory in use before: 88.3 MB.
System memory in use after: 88.3 MB.

Unloading 12 unused Assets to reduce memory usage. Loaded Objects now: 2303.
Total: 6.734100 ms (FindLiveObjects: 0.549400 ms CreateObjectMapping: 0.255700 ms MarkObjects: 5.603300 ms  DeleteObjects: 0.321700 ms)

========================================================================
Received Import Request.
  Time since last request: 152.224819 seconds.
  path: Assets/Imagens/WhatsApp Image 2021-04-02 at 18.14.16.jpeg
  artifactKey: Guid(001852c5e53499146a7007bb3fcb203f) Importer(815301076,1909f56bfc062723c751e8b465ee728b)
Start importing Assets/Imagens/WhatsApp Image 2021-04-02 at 18.14.16.jpeg using Guid(001852c5e53499146a7007bb3fcb203f) Importer(815301076,1909f56bfc062723c751e8b465ee728b)  -> (artifact id: '1c05b99a206f01b4b731e1fbba9b7c95') in 0.209098 seconds
  Import took 0.226663 seconds .

========================================================================
Received Prepare
Registering precompiled user dll's ...
Registered in 0.044002 seconds.
Begin MonoManager ReloadAssembly
Native extension for WindowsStandalone target not found
Refreshing native plugins compatible for Editor in 0.80 ms, found 1 plugins.
Preloading 0 native plugins for Editor in 0.00 ms.
Invoked RoslynAnalysisRunner static constructor.
RoslynAnalysisRunner will not be running.
RoslynAnalysisRunner has terminated.
Mono: successfully reloaded assembly
- Completed reload, in  3.864 seconds
Platform modules already initialized, skipping
Refreshing native plugins compatible for Editor in 0.88 ms, found 1 plugins.
Preloading 0 native plugins for Editor in 0.00 ms.
Unloading 1803 Unused Serialized files (Serialized files now loaded: 0)
System memory in use before: 88.3 MB.
System memory in use after: 88.3 MB.

Unloading 12 unused Assets to reduce memory usage. Loaded Objects now: 2308.
Total: 6.634200 ms (FindLiveObjects: 0.672900 ms CreateObjectMapping: 0.412200 ms MarkObjects: 5.236000 ms  DeleteObjects: 0.308800 ms)

